2021-11-29 11:13:52.9901|INFO|Microsoft.Hosting.Lifetime|Application started. Press Ctrl+C to shut down.
2021-11-29 11:13:53.0589|INFO|Microsoft.Hosting.Lifetime|Hosting environment: Development
2021-11-29 11:13:53.0745|INFO|Microsoft.Hosting.Lifetime|Content root path: C:\Users\hp\Desktop\week-6-israelprofeasy
2021-11-29 11:17:08.1376|INFO|Microsoft.Hosting.Lifetime|Application started. Press Ctrl+C to shut down.
2021-11-29 11:17:08.1905|INFO|Microsoft.Hosting.Lifetime|Hosting environment: Development
2021-11-29 11:17:08.1905|INFO|Microsoft.Hosting.Lifetime|Content root path: C:\Users\hp\Desktop\week-6-israelprofeasy
2021-11-29 11:17:09.0569|ERROR|Microsoft.AspNetCore.Diagnostics.DeveloperExceptionPageMiddleware|An unhandled exception has occurred while executing the request.
2021-11-29 11:19:37.3251|INFO|Microsoft.Hosting.Lifetime|Application started. Press Ctrl+C to shut down.
2021-11-29 11:19:37.3832|INFO|Microsoft.Hosting.Lifetime|Hosting environment: Development
2021-11-29 11:19:37.3949|INFO|Microsoft.Hosting.Lifetime|Content root path: C:\Users\hp\Desktop\week-6-israelprofeasy
2021-11-29 15:24:57.4266|INFO|Microsoft.Hosting.Lifetime|Application started. Press Ctrl+C to shut down.
2021-11-29 15:24:57.4706|INFO|Microsoft.Hosting.Lifetime|Hosting environment: Development
2021-11-29 15:24:57.4706|INFO|Microsoft.Hosting.Lifetime|Content root path: C:\Users\hp\Desktop\week-6-israelprofeasy
2021-11-29 15:24:58.2985|ERROR|Microsoft.AspNetCore.Diagnostics.DeveloperExceptionPageMiddleware|An unhandled exception has occurred while executing the request.
2021-11-29 15:38:47.1595|FATAL|Microsoft.AspNetCore.Hosting.Diagnostics|Application startup exception
2021-11-29 16:35:19.7163|INFO|Microsoft.Hosting.Lifetime|Application started. Press Ctrl+C to shut down.
2021-11-29 16:35:19.7752|INFO|Microsoft.Hosting.Lifetime|Hosting environment: Development
2021-11-29 16:35:19.7842|INFO|Microsoft.Hosting.Lifetime|Content root path: C:\Users\hp\Desktop\week-6-israelprofeasy
2021-11-29 16:37:24.8123|INFO|Microsoft.Hosting.Lifetime|Application started. Press Ctrl+C to shut down.
2021-11-29 16:37:24.8574|INFO|Microsoft.Hosting.Lifetime|Hosting environment: Development
2021-11-29 16:37:24.8574|INFO|Microsoft.Hosting.Lifetime|Content root path: C:\Users\hp\Desktop\week-6-israelprofeasy
2021-11-29 16:38:47.4979|INFO|Microsoft.Hosting.Lifetime|Application started. Press Ctrl+C to shut down.
2021-11-29 16:38:47.5452|INFO|Microsoft.Hosting.Lifetime|Hosting environment: Development
2021-11-29 16:38:47.5452|INFO|Microsoft.Hosting.Lifetime|Content root path: C:\Users\hp\Desktop\week-6-israelprofeasy
2021-11-29 16:39:25.5093|INFO|Microsoft.Hosting.Lifetime|Application started. Press Ctrl+C to shut down.
2021-11-29 16:39:25.5562|INFO|Microsoft.Hosting.Lifetime|Hosting environment: Development
2021-11-29 16:39:25.5653|INFO|Microsoft.Hosting.Lifetime|Content root path: C:\Users\hp\Desktop\week-6-israelprofeasy
2021-11-29 16:42:36.2860|INFO|Microsoft.Hosting.Lifetime|Application started. Press Ctrl+C to shut down.
2021-11-29 16:42:36.3442|INFO|Microsoft.Hosting.Lifetime|Hosting environment: Development
2021-11-29 16:42:36.3442|INFO|Microsoft.Hosting.Lifetime|Content root path: C:\Users\hp\Desktop\week-6-israelprofeasy
2021-11-29 16:43:31.8358|INFO|Microsoft.Hosting.Lifetime|Application started. Press Ctrl+C to shut down.
2021-11-29 16:43:31.8820|INFO|Microsoft.Hosting.Lifetime|Hosting environment: Development
2021-11-29 16:43:31.8899|INFO|Microsoft.Hosting.Lifetime|Content root path: C:\Users\hp\Desktop\week-6-israelprofeasy
2021-11-29 16:44:05.0613|INFO|Microsoft.Hosting.Lifetime|Application started. Press Ctrl+C to shut down.
2021-11-29 16:44:05.1056|INFO|Microsoft.Hosting.Lifetime|Hosting environment: Development
2021-11-29 16:44:05.1056|INFO|Microsoft.Hosting.Lifetime|Content root path: C:\Users\hp\Desktop\week-6-israelprofeasy
2021-11-29 22:27:36.0805|INFO|Microsoft.Hosting.Lifetime|Application started. Press Ctrl+C to shut down.
2021-11-29 22:27:36.1190|INFO|Microsoft.Hosting.Lifetime|Hosting environment: Development
2021-11-29 22:27:36.1386|INFO|Microsoft.Hosting.Lifetime|Content root path: C:\Users\hp\Desktop\week-6-israelprofeasy
